
Warning-[LINX_KRNL] Unsupported Linux kernel
  Linux kernel '4.4.0-101-generic' is not supported.
  Supported versions are 2.4* or 2.6*.

                         Chronologic VCS (TM)
         Version L-2016.06_Full64 -- Sun Dec 17 21:38:11 2017
               Copyright (c) 1991-2016 by Synopsys Inc.
                         ALL RIGHTS RESERVED

This program is proprietary and confidential information of Synopsys Inc.
and may be used and disclosed only as authorized in a license agreement
controlling such use and disclosure.

The design hasn't changed and need not be recompiled. 
If you really want to, delete file /home/group05/new_mux/reduced_tgmux/./simv.daidir/.vcs.timestamp and
run VCS again.

Chronologic VCS simulator copyright 1991-2016
Contains Synopsys proprietary information.
Compiler version L-2016.06_Full64; Runtime version L-2016.06_Full64;  Dec 17 21:38 2017

    _  ____  _______  ___  ______       
   | |/_/  |/  / __ \/ _ \/ __/ /  (TM) 
  _|  |/ /|_/ / /_/ / // / _// /__      
 /_/|_/_/  /_/\____/____/___/____/  ANALOG/MIXED-SIGNAL SIMULATOR 

XMODEL Release 2017.1124 (x86_64)
Copyright (c) 2012-2017 Scientific Analog, Inc.
All rights reserved and patents pending.

#FLEXlm: FEATURE 'XMODEL' has been successfully checked out.
#FLEXlm: Version: 3.1 (academic)
#FLEXlm: Expiration: 31-dec-2017
#FLEXlm: License type: network
#FLEXlm: License server: 147.46.168.92

NOTICE: this software is licensed for research and educational
purposes only and not permitted for commercial, income-producing
activities.

*NOVAS WARN* The FSDB file already exists. Overwriting the FSDB file may crash the programs that are using this file.
MEASURED DELAY = 7.73249e-12
MEASURED DELAY = 1.5012e-11
MEASURED POWER from 10ns to 90ns: 1.25332e-07
MEASURED DELAY = 7.73249e-12
MEASURED DELAY = 1.5012e-11
           V C S   S i m u l a t i o n   R e p o r t 
Time: 200000000 fs
CPU Time:      0.360 seconds;       Data structure size:   0.2Mb
Sun Dec 17 21:38:12 2017

*** XMODEL/VCS simulation was completed on Sun Dec 17 12:38:12 2017 (#63a75f96).
    started at: Sun Dec 17 12:38:10 2017
    ended at  : Sun Dec 17 12:38:12 2017
    total time: 00:00.01
